0 info it worked if it ends with ok
1 verbose cli [ '/home/Scorchman/.nvm/versions/node/v5.8.0/bin/node',
1 verbose cli   '/home/Scorchman/.nvm/versions/node/v5.8.0/bin/npm',
1 verbose cli   'run',
1 verbose cli   'watch' ]
2 info using npm@3.7.3
3 info using node@v5.8.0
4 verbose run-script [ 'prewatch', 'watch', 'postwatch' ]
5 info lifecycle ABP@1.0.0~prewatch: ABP@1.0.0
6 silly lifecycle ABP@1.0.0~prewatch: no script for prewatch, continuing
7 info lifecycle ABP@1.0.0~watch: ABP@1.0.0
8 verbose lifecycle ABP@1.0.0~watch: unsafe-perm in lifecycle true
9 verbose lifecycle ABP@1.0.0~watch: PATH: /home/Scorchman/.nvm/versions/node/v5.8.0/lib/node_modules/npm/bin/node-gyp-bin:/home/Scorchman/lab/ABPPearsonMcKay/node_modules/.bin:/home/Scorchman/.nvm/versions/node/v5.8.0/bin:/home/Scorchman/.nvm/versions/node/v5.8.0/bin:/usr/local/bin:/usr/bin:/bin:/usr/games:/usr/local/node/bin:/usr/local/bin/:/usr/sbin:/sbin
10 verbose lifecycle ABP@1.0.0~watch: CWD: /home/Scorchman/lab/ABPPearsonMcKay
11 silly lifecycle ABP@1.0.0~watch: Args: [ '-c',
11 silly lifecycle   'watchify -t [babelify --presets [ es2015 react ] ] main.js -o bundle.js -v ' ]
12 silly lifecycle ABP@1.0.0~watch: Returned: code: 1  signal: null
13 info lifecycle ABP@1.0.0~watch: Failed to exec watch script
14 verbose stack Error: ABP@1.0.0 watch: `watchify -t [babelify --presets [ es2015 react ] ] main.js -o bundle.js -v `
14 verbose stack Exit status 1
14 verbose stack     at EventEmitter.<anonymous> (/home/Scorchman/.nvm/versions/node/v5.8.0/lib/node_modules/npm/lib/utils/lifecycle.js:239:16)
14 verbose stack     at emitTwo (events.js:100:13)
14 verbose stack     at EventEmitter.emit (events.js:185:7)
14 verbose stack     at ChildProcess.<anonymous> (/home/Scorchman/.nvm/versions/node/v5.8.0/lib/node_modules/npm/lib/utils/spawn.js:24:14)
14 verbose stack     at emitTwo (events.js:100:13)
14 verbose stack     at ChildProcess.emit (events.js:185:7)
14 verbose stack     at maybeClose (internal/child_process.js:850:16)
14 verbose stack     at Process.ChildProcess._handle.onexit (internal/child_process.js:215:5)
15 verbose pkgid ABP@1.0.0
16 verbose cwd /home/Scorchman/lab/ABPPearsonMcKay
17 error Linux 3.14-kali1-686-pae
18 error argv "/home/Scorchman/.nvm/versions/node/v5.8.0/bin/node" "/home/Scorchman/.nvm/versions/node/v5.8.0/bin/npm" "run" "watch"
19 error node v5.8.0
20 error npm  v3.7.3
21 error code ELIFECYCLE
22 error ABP@1.0.0 watch: `watchify -t [babelify --presets [ es2015 react ] ] main.js -o bundle.js -v `
22 error Exit status 1
23 error Failed at the ABP@1.0.0 watch script 'watchify -t [babelify --presets [ es2015 react ] ] main.js -o bundle.js -v '.
23 error Make sure you have the latest version of node.js and npm installed.
23 error If you do, this is most likely a problem with the ABP package,
23 error not with npm itself.
23 error Tell the author that this fails on your system:
23 error     watchify -t [babelify --presets [ es2015 react ] ] main.js -o bundle.js -v
23 error You can get information on how to open an issue for this project with:
23 error     npm bugs ABP
23 error Or if that isn't available, you can get their info via:
23 error     npm owner ls ABP
23 error There is likely additional logging output above.
24 verbose exit [ 1, true ]
